NAME|AllOutputTypes.mxy
DATE|10/25/2017
TIME|11:00:11
USER|EXPORT|Excel 3.0|D:\Joro\GIT_Automations\Automation_Output_Test\Reports\test.xls|ggggggg|    1
DATA| |+0.000|+0.000|+0.000|+0.000|1|1| mm|Point|||X
DATA| |+0.000|+0.000|+0.000|+0.000|1|1| mm|Point|||Y
DATA| |+0.000|+0.000|+0.000|+0.000|1|1| mm|Point|||Z
DATA| |+0.000|+0.000||+0.000|1|1| mm|Point|||POS
DATA| |+5.000|+0.000|+0.000|+5.000|1|2| mm|Point|||X
DATA| |+0.000|+0.000|+0.000|+0.000|1|2| mm|Point|||Y
DATA| |+0.000|+0.000|+0.000|+0.000|1|2| mm|Point|||Z
DATA| |+0.000|+0.000||+0.000|1|2| mm|Point|||POS
DATA| |+10.000|+0.000|+0.000|+10.000|1|3| mm|Point|||X
DATA| |+0.000|+0.000|+0.000|+0.000|1|3| mm|Point|||Y
DATA| |+0.000|+0.000|+0.000|+0.000|1|3| mm|Point|||Z
DATA| |+0.000|+0.000||+0.000|1|3| mm|Point|||POS
DATA| |+15.000|+0.000|+0.000|+15.000|1|4| mm|Point|||X
DATA| |+0.000|+0.000|+0.000|+0.000|1|4| mm|Point|||Y
DATA| |+0.000|+0.000|+0.000|+0.000|1|4| mm|Point|||Z
DATA| |+0.000|+0.000||+0.000|1|4| mm|Point|||POS
DATA| |+20.000|+0.000|+0.000|+20.000|1|5| mm|Point|||X
DATA| |+0.000|+0.000|+0.000|+0.000|1|5| mm|Point|||Y
DATA| |+0.000|+0.000|+0.000|+0.000|1|5| mm|Point|||Z
DATA| |+0.000|+0.000||+0.000|1|5| mm|Point|||POS
DATA| |+25.000|+0.000|+0.000|+25.000|1|6| mm|Point|||X
DATA| |+0.000|+0.000|+0.000|+0.000|1|6| mm|Point|||Y
DATA| |+0.000|+0.000|+0.000|+0.000|1|6| mm|Point|||Z
DATA| |+0.000|+0.000||+0.000|1|6| mm|Point|||POS
DATA| |+30.000|+0.000|+0.000|+30.000|1|7| mm|Point|||X
DATA| |+0.000|+0.000|+0.000|+0.000|1|7| mm|Point|||Y
DATA| |+0.000|+0.000|+0.000|+0.000|1|7| mm|Point|||Z
DATA| |+0.000|+0.000||+0.000|1|7| mm|Point|||POS
DATA| |+35.000|+0.000|+0.000|+35.000|1|8| mm|Point|||X
DATA| |+0.000|+0.000|+0.000|+0.000|1|8| mm|Point|||Y
DATA| |+0.000|+0.000|+0.000|+0.000|1|8| mm|Point|||Z
DATA| |+0.000|+0.000||+0.000|1|8| mm|Point|||POS
DATA| |+40.000|+0.000|+0.000|+40.000|1|9| mm|Point|||X
DATA| |+0.000|+0.000|+0.000|+0.000|1|9| mm|Point|||Y
DATA| |+0.000|+0.000|+0.000|+0.000|1|9| mm|Point|||Z
DATA| |+0.000|+0.000||+0.000|1|9| mm|Point|||POS
DATA| |+45.000|+0.000|+0.000|+45.000|1|10| mm|Point|||X
DATA| |+0.000|+0.000|+0.000|+0.000|1|10| mm|Point|||Y
DATA| |+0.000|+0.000|+0.000|+0.000|1|10| mm|Point|||Z
DATA| |+0.000|+0.000||+0.000|1|10| mm|Point|||POS
DATA| |+50.000|+0.000|+0.000|+50.000|1|11| mm|Point|||X
DATA| |+0.000|+0.000|+0.000|+0.000|1|11| mm|Point|||Y
DATA| |+0.000|+0.000|+0.000|+0.000|1|11| mm|Point|||Z
DATA| |+0.000|+0.000||+0.000|1|11| mm|Point|||POS
DATA| |+0.000|+0.000|+0.000|+0.000|1|12| mm|Point|||X
DATA| |+5.000|+0.000|+0.000|+5.000|1|12| mm|Point|||Y
DATA| |+0.000|+0.000|+0.000|+0.000|1|12| mm|Point|||Z
DATA| |+0.000|+0.000||+0.000|1|12| mm|Point|||POS
DATA| |+5.000|+0.030|-0.030|+5.000|1|13| mm|Point|||X
DATA| |+5.000|+0.040|-0.040|+5.000|1|13| mm|Point|||Y
DATA| |+0.000|+0.000|+0.000|+0.000|1|13| mm|Point|||Z
DATA| |+0.000|+0.001||+0.000|1|13| mm|Point|||POS
DATA| |+10.000|+0.000|+0.000|+10.000|1|14| mm|Point|||X
DATA| |+5.000|+0.000|+0.000|+5.000|1|14| mm|Point|||Y
DATA| |+0.000|+0.000|+0.000|+0.000|1|14| mm|Point|||Z
DATA| |+0.000|+0.000||+0.000|1|14| mm|Point|||POS
DATA| |+15.000|+0.000|+0.000|+15.000|1|15| mm|Point|||X
DATA| |+5.000|+0.000|+0.000|+5.000|1|15| mm|Point|||Y
DATA| |+0.000|+0.000|+0.000|+0.000|1|15| mm|Point|||Z
DATA| |+0.000|+0.000||+0.000|1|15| mm|Point|||POS
DATA| |+20.000|+0.000|+0.000|+20.000|1|16| mm|Point|||X
DATA| |+5.000|+0.000|+0.000|+5.000|1|16| mm|Point|||Y
DATA| |+0.000|+0.000|+0.000|+0.000|1|16| mm|Point|||Z
DATA| |+0.000|+0.000||+0.000|1|16| mm|Point|||POS
DATA| |+25.000|+0.000|+0.000|+25.000|1|17| mm|Point|||X
DATA| |+5.000|+0.000|+0.000|+5.000|1|17| mm|Point|||Y
DATA| |+0.000|+0.000|+0.000|+0.000|1|17| mm|Point|||Z
DATA| |+0.000|+0.000||+0.000|1|17| mm|Point|||POS
DATA| |+30.000|+0.000|+0.000|+30.000|1|18| mm|Point|||X
DATA| |+5.000|+0.000|+0.000|+5.000|1|18| mm|Point|||Y
DATA| |+0.000|+0.000|+0.000|+0.000|1|18| mm|Point|||Z
DATA| |+0.000|+0.000||+0.000|1|18| mm|Point|||POS
DATA| |+35.000|+0.000|+0.000|+35.000|1|19| mm|Point|||X
DATA| |+5.000|+0.000|+0.000|+5.000|1|19| mm|Point|||Y
DATA| |+0.000|+0.000|+0.000|+0.000|1|19| mm|Point|||Z
DATA| |+0.000|+0.000||+0.000|1|19| mm|Point|||POS
DATA| |+40.000|+0.000|+0.000|+40.000|1|20| mm|Point|||X
DATA| |+5.000|+0.000|+0.000|+5.000|1|20| mm|Point|||Y
DATA| |+0.000|+0.000|+0.000|+0.000|1|20| mm|Point|||Z
DATA| |+0.000|+0.000||+0.000|1|20| mm|Point|||POS
DATA| |+45.000|+0.000|+0.000|+45.000|1|21| mm|Point|||X
DATA| |+5.000|+0.000|+0.000|+5.000|1|21| mm|Point|||Y
DATA| |+0.000|+0.000|+0.000|+0.000|1|21| mm|Point|||Z
DATA| |+0.000|+0.000||+0.000|1|21| mm|Point|||POS
DATA| |+50.000|+0.000|+0.000|+50.000|1|22| mm|Point|||X
DATA| |+5.000|+0.000|+0.000|+5.000|1|22| mm|Point|||Y
DATA| |+0.000|+0.000|+0.000|+0.000|1|22| mm|Point|||Z
DATA| |+0.000|+0.000||+0.000|1|22| mm|Point|||POS
DATA| |+0.000|+0.000|+0.000|+0.000|1|23| mm|Point|||X
DATA| |+20.000|+0.000|+0.000|+20.000|1|23| mm|Point|||Y
DATA| |+0.000|+0.000|+0.000|+0.000|1|23| mm|Point|||Z
DATA| |+0.000|+0.000||+0.000|1|23| mm|Point|||POS
DATA| |+5.000|+0.000|+0.000|+5.000|1|24| mm|Point|||X
DATA| |+20.000|+0.000|+0.000|+20.000|1|24| mm|Point|||Y
DATA| |+0.000|+0.000|+0.000|+0.000|1|24| mm|Point|||Z
DATA| |+0.000|+0.000||+0.000|1|24| mm|Point|||POS
DATA| |+10.000|+0.000|+0.000|+10.000|1|25| mm|Point|||X
DATA| |+20.000|+0.000|+0.000|+20.000|1|25| mm|Point|||Y
DATA| |+0.000|+0.000|+0.000|+0.000|1|25| mm|Point|||Z
DATA| |+0.000|+0.000||+0.000|1|25| mm|Point|||POS
DATA| |+15.000|+0.000|+0.000|+15.000|1|26| mm|Point|||X
DATA| |+20.000|+0.000|+0.000|+20.000|1|26| mm|Point|||Y
DATA| |+0.000|+0.000|+0.000|+0.000|1|26| mm|Point|||Z
DATA| |+0.000|+0.000||+0.000|1|26| mm|Point|||POS
DATA| |+20.000|+0.000|+0.000|+20.000|1|27| mm|Point|||X
DATA| |+20.000|+0.000|+0.000|+20.000|1|27| mm|Point|||Y
DATA| |+0.000|+0.000|+0.000|+0.000|1|27| mm|Point|||Z
DATA| |+0.000|+0.000||+0.000|1|27| mm|Point|||POS
DATA| |+25.000|+0.000|+0.000|+25.000|1|28| mm|Point|||X
DATA| |+20.000|+0.000|+0.000|+20.000|1|28| mm|Point|||Y
DATA| |+0.000|+0.000|+0.000|+0.000|1|28| mm|Point|||Z
DATA| |+0.000|+0.000||+0.000|1|28| mm|Point|||POS
DATA| |+30.000|+0.000|+0.000|+30.000|1|29| mm|Point|||X
DATA| |+20.000|+0.000|+0.000|+20.000|1|29| mm|Point|||Y
DATA| |+0.000|+0.000|+0.000|+0.000|1|29| mm|Point|||Z
DATA| |+0.000|+0.000||+0.000|1|29| mm|Point|||POS
DATA| |+35.000|+0.000|+0.000|+35.000|1|30| mm|Point|||X
DATA| |+20.000|+0.000|+0.000|+20.000|1|30| mm|Point|||Y
DATA| |+0.000|+0.000|+0.000|+0.000|1|30| mm|Point|||Z
DATA| |+0.000|+0.000||+0.000|1|30| mm|Point|||POS
DATA| |+40.000|+0.000|+0.000|+40.000|1|31| mm|Point|||X
DATA| |+20.000|+0.000|+0.000|+20.000|1|31| mm|Point|||Y
DATA| |+0.000|+0.000|+0.000|+0.000|1|31| mm|Point|||Z
DATA| |+0.000|+0.000||+0.000|1|31| mm|Point|||POS
DATA| |+45.000|+0.000|+0.000|+45.000|1|32| mm|Point|||X
DATA| |+20.000|+0.000|+0.000|+20.000|1|32| mm|Point|||Y
DATA| |+0.000|+0.000|+0.000|+0.000|1|32| mm|Point|||Z
DATA| |+0.000|+0.000||+0.000|1|32| mm|Point|||POS
DATA| |+50.000|+0.000|+0.000|+50.000|1|33| mm|Point|||X
DATA| |+20.000|+0.000|+0.000|+20.000|1|33| mm|Point|||Y
DATA| |+0.000|+0.000|+0.000|+0.000|1|33| mm|Point|||Z
DATA| |+0.000|+0.000||+0.000|1|33| mm|Point|||POS
DATA| |+0.000|+0.000|+0.000|+0.000|1|34| mm|Point|||X
DATA| |+25.000|+0.000|+0.000|+25.000|1|34| mm|Point|||Y
DATA| |+0.000|+0.000|+0.000|+0.000|1|34| mm|Point|||Z
DATA| |+0.000|+0.000||+0.000|1|34| mm|Point|||POS
DATA| |+5.000|+0.000|+0.000|+5.000|1|35| mm|Point|||X
DATA| |+25.000|+0.000|+0.000|+25.000|1|35| mm|Point|||Y
DATA| |+0.000|+0.000|+0.000|+0.000|1|35| mm|Point|||Z
DATA| |+0.000|+0.000||+0.000|1|35| mm|Point|||POS
DATA| |+10.000|+0.000|+0.000|+10.000|1|36| mm|Point|||X
DATA| |+25.000|+0.000|+0.000|+25.000|1|36| mm|Point|||Y
DATA| |+0.000|+0.000|+0.000|+0.000|1|36| mm|Point|||Z
DATA| |+0.000|+0.000||+0.000|1|36| mm|Point|||POS
DATA| |+15.000|+0.000|+0.000|+15.000|1|37| mm|Point|||X
DATA| |+25.000|+0.000|+0.000|+25.000|1|37| mm|Point|||Y
DATA| |+0.000|+0.000|+0.000|+0.000|1|37| mm|Point|||Z
DATA| |+0.000|+0.000||+0.000|1|37| mm|Point|||POS
DATA| |+20.000|+0.000|+0.000|+20.000|1|38| mm|Point|||X
DATA| |+25.000|+0.000|+0.000|+25.000|1|38| mm|Point|||Y
DATA| |+0.000|+0.000|+0.000|+0.000|1|38| mm|Point|||Z
DATA| |+0.000|+0.000||+0.000|1|38| mm|Point|||POS
DATA| |+25.000|+0.000|+0.000|+25.000|1|39| mm|Point|||X
DATA| |+25.000|+0.000|+0.000|+25.000|1|39| mm|Point|||Y
DATA| |+0.000|+0.000|+0.000|+0.000|1|39| mm|Point|||Z
DATA| |+0.000|+0.000||+0.000|1|39| mm|Point|||POS
DATA| |+30.000|+0.000|+0.000|+30.000|1|40| mm|Point|||X
DATA| |+25.000|+0.000|+0.000|+25.000|1|40| mm|Point|||Y
DATA| |+0.000|+0.000|+0.000|+0.000|1|40| mm|Point|||Z
DATA| |+0.000|+0.000||+0.000|1|40| mm|Point|||POS
DATA| |+35.000|+0.000|+0.000|+35.000|1|41| mm|Point|||X
DATA| |+25.000|+0.000|+0.000|+25.000|1|41| mm|Point|||Y
DATA| |+0.000|+0.000|+0.000|+0.000|1|41| mm|Point|||Z
DATA| |+0.000|+0.000||+0.000|1|41| mm|Point|||POS
DATA| |+40.000|+0.000|+0.000|+40.000|1|42| mm|Point|||X
DATA| |+25.000|+0.000|+0.000|+25.000|1|42| mm|Point|||Y
DATA| |+0.000|+0.000|+0.000|+0.000|1|42| mm|Point|||Z
DATA| |+0.000|+0.000||+0.000|1|42| mm|Point|||POS
DATA| |+45.000|+0.000|+0.000|+45.000|1|43| mm|Point|||X
DATA| |+25.000|+0.000|+0.000|+25.000|1|43| mm|Point|||Y
DATA| |+0.000|+0.000|+0.000|+0.000|1|43| mm|Point|||Z
DATA| |+0.000|+0.000||+0.000|1|43| mm|Point|||POS
DATA| |+50.000|+0.000|+0.000|+50.000|1|44| mm|Point|||X
DATA| |+25.000|+0.000|+0.000|+25.000|1|44| mm|Point|||Y
DATA| |+0.000|+0.000|+0.000|+0.000|1|44| mm|Point|||Z
DATA| |+0.000|+0.000||+0.000|1|44| mm|Point|||POS
DATA| |+270.000|+0.020|-0.020|+270.000|1|45| dd|Line|||ANG
DATA| |+0.000|+0.030|-0.030|+0.000|1|45| mm|Line|||X
DATA| |+2.500|+0.040|-0.040|+2.500|1|45| mm|Line|||Y
DATA| |+0.000|+0.000|+0.000|+0.000|1|45| mm|Line|||Z
DATA| |+0.000|+0.050||+0.000|1|45| mm|Line|||STR
DATA| |+0.000|+0.040||+0.000|1|45| mm|Line|||DST
DATA| |+0.000|+0.060||+0.000|1|45| mm|Line|||PER
DATA| |+0.000|+0.070||+0.000|1|45| mm|Line|||PAR
DATA| |+0.000|+0.090||+0.000|1|45| mm|Line|||PRP
DATA| |+0.000||-0.080|+0.000|1|45| mm|Line|||PRM
DATA| |+180.000|+0.020|-0.020|+180.000|1|46| dd|Line|||ANG
DATA| |+2.500|+0.030|-0.030|+2.500|1|46| mm|Line|||X
DATA| |+5.000|+0.040|-0.040|+5.000|1|46| mm|Line|||Y
DATA| |+0.000|+0.000|+0.000|+0.000|1|46| mm|Line|||Z
DATA| |+0.000|+0.050||+0.000|1|46| mm|Line|||STR
DATA| |+0.000|+5.004||+5.000|1|46| mm|Line|||DST
DATA| |+0.000|+0.060||+0.000|1|46| mm|Line|||PER
DATA| |+0.000|+0.070||+0.000|1|46| mm|Line|||PAR
DATA| |+0.000|+0.090||+0.000|1|46| mm|Line|||PRP
DATA| |+0.000||-0.080|+0.000|1|46| mm|Line|||PRM
DATA| |+270.000|+0.020|-0.020|+270.000|1|47| dd|Line|||ANG
DATA| |+5.000|+0.030|-0.030|+5.000|1|47| mm|Line|||X
DATA| |+2.500|+0.040|-0.040|+2.500|1|47| mm|Line|||Y
DATA| |+0.000|+0.000|+0.000|+0.000|1|47| mm|Line|||Z
DATA| |+0.000|+0.050||+0.000|1|47| mm|Line|||STR
DATA| |+0.000|+0.040||+0.000|1|47| mm|Line|||DST
DATA| |+0.000|+0.060||+0.000|1|47| mm|Line|||PER
DATA| |+0.000|+0.010||+0.000|1|47| mm|Line|||PAR
DATA| |+0.000|+0.090||+0.000|1|47| mm|Line|||PRP
DATA| |+0.000||-0.080|+0.000|1|47| mm|Line|||PRM
DATA| |+12.500|+0.000|+0.000|+12.500|1|48| mm|Point|||X
DATA| |+8.000|+0.000|+0.000|+8.000|1|48| mm|Point|||Y
DATA| |+0.000|+0.000|+0.000|+0.000|1|48| mm|Point|||Z
DATA| |+0.000|+0.000||+0.000|1|48| mm|Point|||POS
DATA| |+72.646|+0.020|-0.020|+72.646|1|49| dd|Line|||ANG
DATA| |+11.250|+0.030|-0.030|+11.250|1|49| mm|Line|||X
DATA| |+4.000|+0.040|-0.040|+4.000|1|49| mm|Line|||Y
DATA| |+0.000|+0.000|+0.000|+0.000|1|49| mm|Line|||Z
DATA| |+0.000|+0.050||+0.000|1|49| mm|Line|||STR
DATA| |+0.000|+0.040||+0.000|1|49| mm|Line|||DST
DATA| |+0.000|+0.060||+0.000|1|49| mm|Line|||PER
DATA| |+0.000|+0.010||+0.000|1|49| mm|Line|||PAR
DATA| |+0.000|+0.090||+0.000|1|49| mm|Line|||PRP
DATA| |+0.000||-0.080|+0.000|1|49| mm|Line|||PRM
DATA| |+287.354|+0.020|-0.020|+287.354|1|50| dd|Line|||ANG
DATA| |+13.750|+0.030|-0.030|+13.750|1|50| mm|Line|||X
DATA| |+4.000|+0.040|-0.040|+4.000|1|50| mm|Line|||Y
DATA| |+0.000|+0.000|+0.000|+0.000|1|50| mm|Line|||Z
DATA| |+0.000|+0.050||+0.000|1|50| mm|Line|||STR
DATA| |+0.000|+4.780||+4.772|1|50| mm|Line|||DST
DATA| |+0.000|+0.060||+0.000|1|50| mm|Line|||PER
DATA| |+0.000|+0.010||+0.000|1|50| mm|Line|||PAR
DATA| |+0.000|+0.090||+0.000|1|50| mm|Line|||PRP
DATA| |+0.000||-0.080|+0.000|1|50| mm|Line|||PRM
DATA| |+7.071|+0.020|-0.020|+7.071|1|51| mm|Circle|||DIA
DATA| |+22.500|+0.040|-0.040|+22.500|1|51| mm|Circle|||X
DATA| |+2.500|+0.060|-0.060|+2.500|1|51| mm|Circle|||Y
DATA| |+0.000|+0.000|+0.000|+0.000|1|51| mm|Circle|||Z
DATA| |+0.000|+0.010||+0.000|1|51| mm|Circle|||RND
DATA| |+0.000|+0.020||+0.000|1|51| mm|Circle|||POS
DATA| |+0.000|+0.030||+0.000|1|51| mm|Circle|||CON
DATA| |+0.000|+0.090||+0.000|1|51| mm|Circle|||PRP
DATA| |+0.000||-0.080|+0.000|1|51| mm|Circle|||PRM
DATA| |+0.000|+0.020|-0.020|+0.000|1|52| dd|Line|||ANG
DATA| |+7.500|+0.030|-0.030|+7.500|1|52| mm|Line|||X
DATA| |+0.000|+0.040|-0.040|+0.000|1|52| mm|Line|||Y
DATA| |+0.000|+0.000|+0.000|+0.000|1|52| mm|Line|||Z
DATA| |+0.000|+0.050||+0.000|1|52| mm|Line|||STR
DATA| |+0.000|+14.322||+14.317|1|52| mm|Line|||DST
DATA| |+0.000|+0.060||+0.000|1|52| mm|Line|||PER
DATA| |+0.000|+0.070||+0.000|1|52| mm|Line|||PAR
DATA| |+0.000|+0.090||+0.000|1|52| mm|Line|||PRP
DATA| |+0.000||-0.080|+0.000|1|52| mm|Line|||PRM
DATA| |+18.000|+0.000|+0.000|+18.000|1|53| mm|Point|||X
DATA| |-2.000|+0.000|+0.000|-2.000|1|53| mm|Point|||Y
DATA| |+0.000|+0.000|+0.000|+0.000|1|53| mm|Point|||Z
DATA| |+0.000|+0.000||+0.000|1|53| mm|Point|||POS
DATA| |+18.000|+0.000|+0.000|+18.000|1|54| mm|Point|||X
DATA| |+7.000|+0.000|+0.000|+7.000|1|54| mm|Point|||Y
DATA| |+0.000|+0.000|+0.000|+0.000|1|54| mm|Point|||Z
DATA| |+0.000|+0.000||+0.000|1|54| mm|Point|||POS
DATA| |+26.000|+0.000|+0.000|+26.000|1|55| mm|Point|||X
DATA| |-2.000|+0.000|+0.000|-2.000|1|55| mm|Point|||Y
DATA| |+0.000|+0.000|+0.000|+0.000|1|55| mm|Point|||Z
DATA| |+0.000|+0.000||+0.000|1|55| mm|Point|||POS
DATA| |+26.000|+0.000|+0.000|+26.000|1|56| mm|Point|||X
DATA| |+7.000|+0.000|+0.000|+7.000|1|56| mm|Point|||Y
DATA| |+0.000|+0.000|+0.000|+0.000|1|56| mm|Point|||Z
DATA| |+0.000|+0.000||+0.000|1|56| mm|Point|||POS
DATA| |+12.042|+0.020|-0.020|+12.042|1|57| mm|Circle|||DIA
DATA| |+22.000|+0.040|-0.040|+22.000|1|57| mm|Circle|||X
DATA| |+2.500|+0.060|-0.060|+2.500|1|57| mm|Circle|||Y
DATA| |+0.000|+0.000|+0.000|+0.000|1|57| mm|Circle|||Z
DATA| |+0.000|+0.010||+0.000|1|57| mm|Circle|||RND
DATA| |+0.000|+0.020||+0.000|1|57| mm|Circle|||POS
DATA| |+0.000|+1.005||+1.000|1|57| mm|Circle|||CON
DATA| |+0.000|+0.090||+0.000|1|57| mm|Circle|||PRP
DATA| |+0.000||-0.080|+0.000|1|57| mm|Circle|||PRM
DATA| |+0.000|+0.020|-0.020|+0.000|1|58| mm|Distance|||XD
DATA| |+5.000|+0.040|-0.040|+5.000|1|58| mm|Distance|||YD
DATA| |+0.000|+0.020|-0.020|+0.000|1|58| mm|Distance|||ZD
DATA| |+5.000|+0.070|-0.070|+5.000|1|58| mm|Distance|||DIS
DATA| |+90.000|+0.080|-0.080|+90.000|1|58| dd|Distance|||ANG
DATA| |+5.000|+0.090|-0.090|+5.000|1|59| mm|Midpoint|||DIS
DATA| |+32.500|+0.004|-0.004|+32.500|1|59| mm|Midpoint|||X
DATA| |+5.000|+0.005|-0.005|+5.000|1|59| mm|Midpoint|||Y
DATA| |+0.000|+0.000|+0.000|+0.000|1|59| mm|Midpoint|||Z
DATA| |+0.000|+0.020||+0.000|1|59| mm|Midpoint|||POS
DATA| |+90.000|+0.020|-0.020|+90.000|1|60| dd|Line|||ANG
DATA| |+0.000|+0.030|-0.030|+0.000|1|60| mm|Line|||X
DATA| |+22.500|+0.040|-0.040|+22.500|1|60| mm|Line|||Y
DATA| |+0.000|+0.000|+0.000|+0.000|1|60| mm|Line|||Z
DATA| |+0.000|+0.050||+0.000|1|60| mm|Line|||STR
DATA| |+0.000|+0.040||+0.000|1|60| mm|Line|||DST
DATA| |+0.000|+0.060||+0.000|1|60| mm|Line|||PER
DATA| |+0.000|+0.070||+0.000|1|60| mm|Line|||PAR
DATA| |+0.000|+0.090||+0.000|1|60| mm|Line|||PRP
DATA| |+0.000||-0.080|+0.000|1|60| mm|Line|||PRM
DATA| |+315.000|+0.020|-0.020|+315.000|1|61| dd|Line|||ANG
DATA| |+2.500|+0.030|-0.030|+2.500|1|61| mm|Line|||X
DATA| |+22.500|+0.040|-0.040|+22.500|1|61| mm|Line|||Y
DATA| |+0.000|+0.000|+0.000|+0.000|1|61| mm|Line|||Z
DATA| |+0.000|+0.050||+0.000|1|61| mm|Line|||STR
DATA| |+0.000|+0.040||+0.000|1|61| mm|Line|||DST
DATA| |+0.000|+0.060||+0.000|1|61| mm|Line|||PER
DATA| |+0.000|+0.070||+0.000|1|61| mm|Line|||PAR
DATA| |+0.000|+0.090||+0.000|1|61| mm|Line|||PRP
DATA| |+0.000||-0.080|+0.000|1|61| mm|Line|||PRM
DATA| |+0.000|+0.020|-0.020|+0.000|1|62| dd|Line|||ANG
DATA| |+2.500|+0.030|-0.030|+2.500|1|62| mm|Line|||X
DATA| |+25.000|+0.040|-0.040|+25.000|1|62| mm|Line|||Y
DATA| |+0.000|+0.000|+0.000|+0.000|1|62| mm|Line|||Z
DATA| |+0.000|+0.050||+0.000|1|62| mm|Line|||STR
DATA| |+0.000|+0.040||+0.000|1|62| mm|Line|||DST
DATA| |+0.000|+0.060||+0.000|1|62| mm|Line|||PER
DATA| |+0.000|+0.070||+0.000|1|62| mm|Line|||PAR
DATA| |+0.000|+0.090||+0.000|1|62| mm|Line|||PRP
DATA| |+0.000||-0.080|+0.000|1|62| mm|Line|||PRM
DATA| |+45.000|+0.020|-0.020|+45.000|1|63| dd|Intersect|||ANG
DATA| |+0.000|+0.050|-0.050|+0.000|1|63| mm|Intersect|||X
DATA| |+25.000|+0.007|-0.007|+25.000|1|63| mm|Intersect|||Y
DATA| |+0.000|+0.000|+0.000|+0.000|1|63| mm|Intersect|||Z
DATA| |+0.000|+0.020||+0.000|1|63| mm|Intersect|||POS
DATA| |+270.000|+0.020|-0.020|+270.000|1|64| dd|Intersect|||ANG
DATA| |+0.000|+0.050|-0.050|+0.000|1|64| mm|Intersect|||X
DATA| |+25.000|+0.007|-0.007|+25.000|1|64| mm|Intersect|||Y
DATA| |+0.000|+0.000|+0.000|+0.000|1|64| mm|Intersect|||Z
DATA| |+0.000|+0.020||+0.000|1|64| mm|Intersect|||POS
DATA| |+90.000|+0.020|-0.020|+90.000|1|65| dd|Intersect|||ANG
DATA| |+0.000|+0.050|-0.050|+0.000|1|65| mm|Intersect|||X
DATA| |+25.000|+0.007|-0.007|+25.000|1|65| mm|Intersect|||Y
DATA| |+0.000|+0.000|+0.000|+0.000|1|65| mm|Intersect|||Z
DATA| |+0.000|+0.020||+0.000|1|65| mm|Intersect|||POS
DATA| |+270.000|+0.020|-0.020|+270.000|1|66| dd|Intersect|||ANG
DATA| |+0.000|+0.050|-0.050|+0.000|1|66| mm|Intersect|||X
DATA| |+25.000|+0.007|-0.007|+25.000|1|66| mm|Intersect|||Y
DATA| |+0.000|+0.000|+0.000|+0.000|1|66| mm|Intersect|||Z
DATA| |+0.000|+0.020||+0.000|1|66| mm|Intersect|||POS
DATA| |+90.000|+0.020|-0.020|+90.000|1|67| dd|Width|||WCA
DATA| |+5.000|+0.020|-0.020|+5.000|1|67| mm|Width|||WID
DATA| |+12.500|+0.050|-0.050|+12.500|1|67| mm|Width|||X
DATA| |+25.000|+0.060|-0.060|+25.000|1|67| mm|Width|||Y
DATA| |+0.000|+0.000|+0.000|+0.000|1|67| mm|Width|||Z
DATA| |+0.000|+0.020||+0.000|1|67| mm|Width|||POS
DATA| |+90.000|+0.020|-0.020|+90.000|1|68| dd|Width|||WCA
DATA| |+5.000|+0.020|-0.020|+5.000|1|68| mm|Width|||WID
DATA| |+12.500|+0.050|-0.050|+12.500|1|68| mm|Width|||X
DATA| |+20.000|+0.060|-0.060|+20.000|1|68| mm|Width|||Y
DATA| |+0.000|+0.000|+0.000|+0.000|1|68| mm|Width|||Z
DATA| |+0.000|+0.020||+0.000|1|68| mm|Width|||POS
DATA| |+270.000|+0.020|-0.020|+270.000|1|69| dd|Line|||ANG
DATA| |+20.000|+0.030|-0.030|+20.000|1|69| mm|Line|||X
DATA| |+22.500|+0.040|-0.040|+22.500|1|69| mm|Line|||Y
DATA| |+0.000|+0.000|+0.000|+0.000|1|69| mm|Line|||Z
DATA| |+0.000|+0.050||+0.000|1|69| mm|Line|||STR
DATA| |+0.000|+0.040||+0.000|1|69| mm|Line|||DST
DATA| |+0.000|+0.060||+0.000|1|69| mm|Line|||PER
DATA| |+0.000|+0.070||+0.000|1|69| mm|Line|||PAR
DATA| |+0.000|+0.090||+0.000|1|69| mm|Line|||PRP
DATA| |+0.000||-0.080|+0.000|1|69| mm|Line|||PRM
DATA| |+0.000|+0.020|-0.020|+0.000|1|70| dd|Line|||ANG
DATA| |+22.500|+0.030|-0.030|+22.500|1|70| mm|Line|||X
DATA| |+25.000|+0.040|-0.040|+25.000|1|70| mm|Line|||Y
DATA| |+0.000|+0.000|+0.000|+0.000|1|70| mm|Line|||Z
DATA| |+0.000|+0.050||+0.000|1|70| mm|Line|||STR
DATA| |+0.000|+0.040||+0.000|1|70| mm|Line|||DST
DATA| |+0.000|+0.060||+0.000|1|70| mm|Line|||PER
DATA| |+0.000|+0.070||+0.000|1|70| mm|Line|||PAR
DATA| |+0.000|+0.090||+0.000|1|70| mm|Line|||PRP
DATA| |+0.000||-0.080|+0.000|1|70| mm|Line|||PRM
DATA| |+21.000|+0.006|-0.006|+21.000|1|71| mm|Gage Ball|||X
DATA| |+24.000|+0.009|-0.009|+24.000|1|71| mm|Gage Ball|||Y
DATA| |+0.000|+0.000|+0.000|+0.000|1|71| mm|Gage Ball|||Z
DATA| |+0.000|+0.020||+0.000|1|71| mm|Gage Ball|||POS
DATA| |+19.000|+0.006|-0.006|+19.000|1|72| mm|Gage Ball|||X
DATA| |+26.000|+0.009|-0.009|+26.000|1|72| mm|Gage Ball|||Y
DATA| |+0.000|+0.000|+0.000|+0.000|1|72| mm|Gage Ball|||Z
DATA| |+0.000|+0.020||+0.000|1|72| mm|Gage Ball|||POS
DATA| |+19.000|+0.006|-0.006|+19.000|1|73| mm|Gage Ball|||X
DATA| |+24.000|+0.009|-0.009|+24.000|1|73| mm|Gage Ball|||Y
DATA| |+0.000|+0.000|+0.000|+0.000|1|73| mm|Gage Ball|||Z
DATA| |+0.000|+0.020||+0.000|1|73| mm|Gage Ball|||POS
DATA| |+21.000|+0.006|-0.006|+21.000|1|74| mm|Gage Ball|||X
DATA| |+26.000|+0.009|-0.009|+26.000|1|74| mm|Gage Ball|||Y
DATA| |+0.000|+0.000|+0.000|+0.000|1|74| mm|Gage Ball|||Z
DATA| |+0.000|+0.020||+0.000|1|74| mm|Gage Ball|||POS
DATA| |+25.000|+0.200|-0.200|+25.000|1|75| mm|Contour|||ARE
DATA| |+15.000|+0.040|-0.040|+15.000|1|75| mm|Contour|||LEN
DATA| |+30.000|+0.050|-0.050|+30.000|1|75| mm|Contour|||X
DATA| |+25.000|+0.006|-0.006|+25.000|1|75| mm|Contour|||Y
DATA| |+0.000|+0.000|+0.000|+0.000|1|75| mm|Contour|||Z
DATA| |+0.000|+0.020||+0.000|1|75| mm|Contour|||POS
DATA| |+12.042|+0.050|-0.050|+12.042|1|76| mm|Math|||RES
DATA| |+27.477|+0.050|-0.050|+27.477|1|77| mm|Intersect|||X
DATA| |+0.000|+0.007|-0.007|+0.000|1|77| mm|Intersect|||Y
DATA| |+0.000|+0.000|+0.000|+0.000|1|77| mm|Intersect|||Z
DATA| |+0.000|+0.020||+0.000|1|77| mm|Intersect|||POS
DATA| |+16.523|+0.050|-0.050|+16.523|1|78| mm|Intersect|||X
DATA| |+5.000|+0.007|-0.007|+5.000|1|78| mm|Intersect|||Y
DATA| |+0.000|+0.000|+0.000|+0.000|1|78| mm|Intersect|||Z
DATA| |+0.000|+0.020||+0.000|1|78| mm|Intersect|||POS
DATA| |+50.000|+0.200|-0.200|+50.000|1|79| mm|Contour|||ARE
DATA| |+25.000|+0.040|-0.040|+25.000|1|79| mm|Contour|||LEN
DATA| |+40.000|+0.050|-0.050|+40.000|1|79| mm|Contour|||X
DATA| |+5.000|+0.006|-0.006|+5.000|1|79| mm|Contour|||Y
DATA| |+0.000|+0.000|+0.000|+0.000|1|79| mm|Contour|||Z
DATA| |+0.000|+0.020||+0.000|1|79| mm|Contour|||POS
HEAD|
HEAD|
HEAD|
HEAD|
HEAD|
END!
