Machine Serial Number:  SFD2001052                                                       Page:    1
====================================================================================================
Routine Name                                                    Run #            Date & Time        
====================================================================================================
AllOutputTypes.mxy                                       1      Wednesday, October 25, 2017 11:00:11
====================================================================================================

====================================================================================================
Feature           Unit    Nominal       Actual          Tolerances           Deviation     Exceeded 
====================================================================================================
Step 13   
X Location        mm    +5.000        +5.000        +0.030      -0.030     +0.000                   
Y Location        mm    +5.000        +5.000        +0.040      -0.040     +0.000                   
Position          mm    +0.000        +0.000        +0.001                 +0.000                   
   
Step 20   
X Location        mm    +40.000       +40.000       +0.000      +0.000     +0.000                   
Y Location        mm    +5.000        +5.000        +0.000      +0.000     +0.000                   
Position          mm    +0.000        +0.000        +0.000                 +0.000                   
   
Step 45   
Angle             dd    +270.000      +270.000      +0.020      -0.020     +0.000                   
X Location        mm    +0.000        +0.000        +0.030      -0.030     +0.000                   
Y Location        mm    +2.500        +2.500        +0.040      -0.040     +0.000                   
Straightness      mm    +0.000        +0.000        +0.050                 +0.000                   
Angularity        mm    +0.000        +0.000        +0.040                 +0.000                   
Perpendicularity  mm    +0.000        +0.000        +0.060                 +0.000                   
Parallelism       mm    +0.000        +0.000        +0.070                 +0.000                   
Profile +         mm    +0.000        +0.000        +0.090                 +0.000                   
Profile -         mm    +0.000        +0.000                    -0.080     +0.000                   
   
Step 46   
Angle             dd    +180.000      +180.000      +0.020      -0.020     +0.000                   
X Location        mm    +2.500        +2.500        +0.030      -0.030     +0.000                   
Y Location        mm    +5.000        +5.000        +0.040      -0.040     +0.000                   
Straightness      mm    +0.000        +0.000        +0.050                 +0.000                   
Angularity        mm    +0.000        +5.000        +5.004                 +5.000       ++++        
Perpendicularity  mm    +0.000        +0.000        +0.060                 +0.000                   
Parallelism       mm    +0.000        +0.000        +0.070                 +0.000                   
Profile +         mm    +0.000        +0.000        +0.090                 +0.000                   
Profile -         mm    +0.000        +0.000                    -0.080     +0.000                   
   
Step 47   
Angle             dd    +270.000      +270.000      +0.020      -0.020     +0.000                   
X Location        mm    +5.000        +5.000        +0.030      -0.030     +0.000                   
Y Location        mm    +2.500        +2.500        +0.040      -0.040     +0.000                   
Straightness      mm    +0.000        +0.000        +0.050                 +0.000                   
Angularity        mm    +0.000        +0.000        +0.040                 +0.000                   
Perpendicularity  mm    +0.000        +0.000        +0.060                 +0.000                   
Parallelism       mm    +0.000        +0.000        +0.010                 +0.000                   
Profile +         mm    +0.000        +0.000        +0.090                 +0.000                   
Profile -         mm    +0.000        +0.000                    -0.080     +0.000                   
   
Step 49   
Angle             dd    +72.646       +72.646       +0.020      -0.020     +0.000                   
X Location        mm    +11.250       +11.250       +0.030      -0.030     +0.000                   
Y Location        mm    +4.000        +4.000        +0.040      -0.040     +0.000                   
Straightness      mm    +0.000        +0.000        +0.050                 +0.000                   
Angularity        mm    +0.000        +0.000        +0.040                 +0.000                   
Perpendicularity  mm    +0.000        +0.000        +0.060                 +0.000                   
Parallelism       mm    +0.000        +0.000        +0.010                 +0.000                   
Profile +         mm    +0.000        +0.000        +0.090                 +0.000                   
Profile -         mm    +0.000        +0.000                    -0.080     +0.000                   
   
====================================================================================================

====================================================================================================
Machine Serial Number:  SFD2001052                                                       Page:    2
====================================================================================================
Feature           Unit    Nominal       Actual          Tolerances           Deviation     Exceeded 
====================================================================================================
Step 50   
Angle             dd    +287.354      +287.354      +0.020      -0.020     +0.000                   
X Location        mm    +13.750       +13.750       +0.030      -0.030     +0.000                   
Y Location        mm    +4.000        +4.000        +0.040      -0.040     +0.000                   
Straightness      mm    +0.000        +0.000        +0.050                 +0.000                   
Angularity        mm    +0.000        +4.772        +4.780                 +4.772       ++++        
Perpendicularity  mm    +0.000        +0.000        +0.060                 +0.000                   
Parallelism       mm    +0.000        +0.000        +0.010                 +0.000                   
Profile +         mm    +0.000        +0.000        +0.090                 +0.000                   
Profile -         mm    +0.000        +0.000                    -0.080     +0.000                   
   
Step 51   
Diameter          mm    +7.071        +7.071        +0.020      -0.020     +0.000       -           
X Location        mm    +22.500       +22.500       +0.040      -0.040     +0.000                   
Y Location        mm    +2.500        +2.500        +0.060      -0.060     +0.000                   
Circularity       mm    +0.000        +0.000        +0.010                 +0.000                   
Position          mm    +0.000        +0.000        +0.020                 +0.000                   
Concentricity     mm    +0.000        +0.000        +0.030                 +0.000                   
Profile +         mm    +0.000        +0.000        +0.090                 +0.000                   
Profile -         mm    +0.000        +0.000                    -0.080     +0.000                   
   
Step 52   
Angle             dd    +0.000        +0.000        +0.020      -0.020     +0.000                   
X Location        mm    +7.500        +7.500        +0.030      -0.030     +0.000                   
Y Location        mm    +0.000        +0.000        +0.040      -0.040     +0.000                   
Straightness      mm    +0.000        +0.000        +0.050                 +0.000                   
Angularity        mm    +0.000        +14.317       +14.322                +14.317      ++++        
Perpendicularity  mm    +0.000        +0.000        +0.060                 +0.000                   
Parallelism       mm    +0.000        +0.000        +0.070                 +0.000                   
Profile +         mm    +0.000        +0.000        +0.090                 +0.000                   
Profile -         mm    +0.000        +0.000                    -0.080     +0.000                   
   
Step 57   
Diameter          mm    +12.042       +12.042       +0.020      -0.020     +0.000       -           
X Location        mm    +22.000       +22.000       +0.040      -0.040     +0.000                   
Y Location        mm    +2.500        +2.500        +0.060      -0.060     +0.000                   
Circularity       mm    +0.000        +0.000        +0.010                 +0.000                   
Position          mm    +0.000        +0.000        +0.020                 +0.000                   
Concentricity     mm    +0.000        +1.000        +1.005                 +1.000       ++++        
Profile +         mm    +0.000        +0.000        +0.090                 +0.000                   
Profile -         mm    +0.000        +0.000                    -0.080     +0.000                   
   
Step 58   
X Distance        mm    +0.000        +0.000        +0.020      -0.020     +0.000                   
Y Distance        mm    +5.000        +5.000        +0.040      -0.040     +0.000                   
Straight Line     mm    +5.000        +5.000        +0.070      -0.070     +0.000                   
Angle Between     dd    +90.000       +90.000       +0.080      -0.080     +0.000                   
   
Step 59   
3-D Distance      mm    +5.000        +5.000        +0.090      -0.090     +0.000       -           
X Location        mm    +32.500       +32.500       +0.004      -0.004     +0.000       -           
Y Location        mm    +5.000        +5.000        +0.005      -0.005     +0.000                   
Position          mm    +0.000        +0.000        +0.020                 +0.000                   
   
Step 63   
Angle 3           dd    +45.000       +45.000       +0.020      -0.020     +0.000                   
X Location        mm    +0.000        +0.000        +0.050      -0.050     +0.000                   
Y Location        mm    +25.000       +25.000       +0.007      -0.007     +0.000       -           
Position          mm    +0.000        +0.000        +0.020                 +0.000                   
   
====================================================================================================

====================================================================================================
Machine Serial Number:  SFD2001052                                                       Page:    3
====================================================================================================
Feature           Unit    Nominal       Actual          Tolerances           Deviation     Exceeded 
====================================================================================================
Step 64   
Angle 2           dd    +270.000      +270.000      +0.020      -0.020     +0.000                   
X Location        mm    +0.000        +0.000        +0.050      -0.050     +0.000       -           
Y Location        mm    +25.000       +25.000       +0.007      -0.007     +0.000                   
Position          mm    +0.000        +0.000        +0.020                 +0.000                   
   
Step 65   
Angle 3           dd    +90.000       +90.000       +0.020      -0.020     +0.000                   
X Location        mm    +0.000        +0.000        +0.050      -0.050     +0.000       -           
Y Location        mm    +25.000       +25.000       +0.007      -0.007     +0.000                   
Position          mm    +0.000        +0.000        +0.020                 +0.000                   
   
Step 66   
Angle 4           dd    +270.000      +270.000      +0.020      -0.020     +0.000                   
X Location        mm    +0.000        +0.000        +0.050      -0.050     +0.000       -           
Y Location        mm    +25.000       +25.000       +0.007      -0.007     +0.000                   
Position          mm    +0.000        +0.000        +0.020                 +0.000                   
   
Step 67   
C/L Angle         dd    +90.000       +90.000       +0.020      -0.020     +0.000                   
Width             mm    +5.000        +5.000        +0.020      -0.020     +0.000                   
X Location        mm    +12.500       +12.500       +0.050      -0.050     +0.000                   
Y Location        mm    +25.000       +25.000       +0.060      -0.060     +0.000                   
Position          mm    +0.000        +0.000        +0.020                 +0.000                   
   
Step 68   
C/L Angle         dd    +90.000       +90.000       +0.020      -0.020     +0.000                   
Width             mm    +5.000        +5.000        +0.020      -0.020     +0.000                   
X Location        mm    +12.500       +12.500       +0.050      -0.050     +0.000                   
Y Location        mm    +20.000       +20.000       +0.060      -0.060     +0.000                   
Position          mm    +0.000        +0.000        +0.020                 +0.000                   
   
Step 71   
X Location        mm    +21.000       +21.000       +0.006      -0.006     +0.000                   
Y Location        mm    +24.000       +24.000       +0.009      -0.009     +0.000       -           
Position          mm    +0.000        +0.000        +0.020                 +0.000                   
   
Step 72   
X Location        mm    +19.000       +19.000       +0.006      -0.006     +0.000                   
Y Location        mm    +26.000       +26.000       +0.009      -0.009     +0.000                   
Position          mm    +0.000        +0.000        +0.020                 +0.000                   
   
Step 73   
X Location        mm    +19.000       +19.000       +0.006      -0.006     +0.000                   
Y Location        mm    +24.000       +24.000       +0.009      -0.009     +0.000                   
Position          mm    +0.000        +0.000        +0.020                 +0.000                   
   
Step 74   
X Location        mm    +21.000       +21.000       +0.006      -0.006     +0.000                   
Y Location        mm    +26.000       +26.000       +0.009      -0.009     +0.000                   
Position          mm    +0.000        +0.000        +0.020                 +0.000                   
   
Step 75   
Area              mm    +25.000       +25.000       +0.200      -0.200     +0.000       -           
Length            mm    +15.000       +15.000       +0.040      -0.040     +0.000       -           
X Location        mm    +30.000       +30.000       +0.050      -0.050     +0.000                   
Y Location        mm    +25.000       +25.000       +0.006      -0.006     +0.000                   
Position          mm    +0.000        +0.000        +0.020                 +0.000                   
   
====================================================================================================

====================================================================================================
Machine Serial Number:  SFD2001052                                                       Page:    4
====================================================================================================
Feature           Unit    Nominal       Actual          Tolerances           Deviation     Exceeded 
====================================================================================================
Step 76   
Result            dd    +12.042       +12.042       +0.050      -0.050     +0.000       -           
   
Step 77   
X Location        mm    +27.477       +27.477       +0.050      -0.050     +0.000       -           
Y Location        mm    +0.000        +0.000        +0.007      -0.007     +0.000                   
Position          mm    +0.000        +0.000        +0.020                 +0.000                   
   
Step 78   
X Location        mm    +16.523       +16.523       +0.050      -0.050     +0.000       +           
Y Location        mm    +5.000        +5.000        +0.007      -0.007     +0.000       +           
Position          mm    +0.000        +0.000        +0.020                 +0.000                   
   
Step 79   
Area              mm    +50.000       +50.000       +0.200      -0.200     +0.000                   
Length            mm    +25.000       +25.000       +0.040      -0.040     +0.000                   
X Location        mm    +40.000       +40.000       +0.050      -0.050     +0.000                   
Y Location        mm    +5.000        +5.000        +0.006      -0.006     +0.000                   
Position          mm    +0.000        +0.000        +0.020                 +0.000                   
   
====================================================================================================

====================================================================================================
====================================================================================================
