+5.000 
+5.000 
+0.000 
+40.000 
+5.000 
+0.000 
+270.000 
+0.000 
+2.500 
+0.000 
+0.000 
+0.000 
+0.000 
+0.000 
+0.000 
+180.000 
+2.500 
+5.000 
+0.000 
+5.000 
+0.000 
+0.000 
+0.000 
+0.000 
+270.000 
+5.000 
+2.500 
+0.000 
+0.000 
+0.000 
+0.000 
+0.000 
+0.000 
+72.646 
+11.250 
+4.000 
+0.000 
+0.000 
+0.000 
+0.000 
+0.000 
+0.000 
+287.354 
+13.750 
+4.000 
+0.000 
+4.772 
+0.000 
+0.000 
+0.000 
+0.000 
+7.071 
+22.500 
+2.500 
+0.000 
+0.000 
+0.000 
+0.000 
+0.000 
+0.000 
+7.500 
+0.000 
+0.000 
+14.317 
+0.000 
+0.000 
+0.000 
+0.000 
+12.042 
+22.000 
+2.500 
+0.000 
+0.000 
+1.000 
+0.000 
+0.000 
+0.000 
+5.000 
+5.000 
+90.000 
+5.000 
+32.500 
+5.000 
+0.000 
+45.000 
+0.000 
+25.000 
+0.000 
+270.000 
+0.000 
+25.000 
+0.000 
+90.000 
+0.000 
+25.000 
+0.000 
+270.000 
+0.000 
+25.000 
+0.000 
+90.000 
+5.000 
+12.500 
+25.000 
+0.000 
+90.000 
+5.000 
+12.500 
+20.000 
+0.000 
+21.000 
+24.000 
+0.000 
+19.000 
+26.000 
+0.000 
+19.000 
+24.000 
+0.000 
+21.000 
+26.000 
+0.000 
+25.000 
+15.000 
+30.000 
+25.000 
+0.000 
+12.042 
+27.477 
+0.000 
+0.000 
+16.523 
+5.000 
+0.000 
+50.000 
+25.000 
+40.000 
+5.000 
+0.000 
